{
  "RSpec": {
    "coverage": {
      "/Users/amalaev/work/projects/rails/thinknetica/thunderflow/config/environment.rb": [
        null,
        1,
        null,
        null,
        1
      ],
      "/Users/amalaev/work/projects/rails/thinknetica/thunderflow/config/application.rb": [
        1,
        null,
        1,
        null,
        null,
        null,
        1,
        null,
        1,
        1,
        null,
        null,
        null,
        null,
        null,
        null,
        null,
        null,
        null,
        null,
        null,
        null,
        null,
        1,
        null,
        null,
        1,
        1,
        null,
        null,
        null,
        null,
        null,
        null,
        1,
        null,
        null,
        null
      ],
      "/Users/amalaev/work/projects/rails/thinknetica/thunderflow/config/boot.rb": [
        null,
        1,
        null,
        1
      ],
      "/Users/amalaev/work/projects/rails/thinknetica/thunderflow/config/environments/test.rb": [
        1,
        null,
        null,
        null,
        null,
        null,
        null,
        1,
        null,
        null,
        null,
        null,
        1,
        null,
        null,
        1,
        1,
        null,
        null,
        1,
        1,
        null,
        null,
        1,
        null,
        null,
        1,
        null,
        null,
        null,
        null,
        1,
        null,
        null,
        1,
        null,
        null,
        null,
        1,
        null
      ],
      "/Users/amalaev/work/projects/rails/thinknetica/thunderflow/config/initializers/assets.rb": [
        null,
        null,
        null,
        1,
        null,
        null,
        null,
        null
      ],
      "/Users/amalaev/work/projects/rails/thinknetica/thunderflow/config/initializers/backtrace_silencers.rb": [
        null,
        null,
        null,
        null,
        null,
        null,
        null
      ],
      "/Users/amalaev/work/projects/rails/thinknetica/thunderflow/config/initializers/cookies_serializer.rb": [
        null,
        null,
        1
      ],
      "/Users/amalaev/work/projects/rails/thinknetica/thunderflow/config/initializers/devise.rb": [
        null,
        null,
        1,
        null,
        null,
        null,
        null,
        null,
        null,
        null,
        null,
        null,
        1,
        null,
        null,
        null,
        null,
        null,
        null,
        null,
        null,
        1,
        null,
        null,
        null,
        null,
        null,
        null,
        null,
        null,
        null,
        null,
        null,
        null,
        null,
        null,
        null,
        null,
        null,
        null,
        null,
        null,
        null,
        1,
        null,
        null,
        null,
        null,
        1,
        null,
        null,
        null,
        null,
        null,
        null,
        null,
        null,
        null,
        null,
        null,
        null,
        null,
        null,
        null,
        null,
        null,
        null,
        null,
        null,
        null,
        null,
        null,
        null,
        null,
        null,
        null,
        null,
        null,
        null,
        1,
        null,
        null,
        null,
        null,
        null,
        null,
        null,
        null,
        null,
        null,
        null,
        null,
        null,
        null,
        null,
        null,
        1,
        null,
        null,
        null,
        null,
        null,
        null,
        null,
        null,
        null,
        null,
        null,
        null,
        null,
        null,
        null,
        null,
        null,
        null,
        null,
        null,
        null,
        null,
        null,
        null,
        1,
        null,
        null,
        null,
        null,
        null,
        null,
        null,
        null,
        null,
        1,
        null,
        null,
        null,
        null,
        null,
        null,
        null,
        null,
        null,
        null,
        1,
        null,
        null,
        null,
        null,
        null,
        null,
        null,
        null,
        null,
        null,
        null,
        null,
        null,
        null,
        null,
        null,
        null,
        null,
        null,
        null,
        null,
        null,
        null,
        null,
        null,
        null,
        null,
        null,
        null,
        null,
        null,
        null,
        null,
        null,
        null,
        null,
        null,
        null,
        null,
        null,
        null,
        null,
        null,
        null,
        null,
        null,
        null,
        null,
        1,
        null,
        null,
        null,
        null,
        null,
        null,
        null,
        null,
        null,
        null,
        null,
        null,
        null,
        null,
        null,
        null,
        null,
        null,
        null,
        null,
        null,
        null,
        null,
        null,
        null,
        null,
        null,
        null,
        null,
        null,
        null,
        null,
        null,
        null,
        null,
        null,
        null,
        1,
        null,
        null,
        null,
        null,
        null,
        null,
        null,
        null,
        null,
        null,
        null,
        null,
        null,
        null,
        null,
        null,
        null,
        null,
        null,
        null,
        null,
        null,
        null,
        null,
        null,
        null,
        null,
        null,
        null
      ],
      "/Users/amalaev/work/projects/rails/thinknetica/thunderflow/config/initializers/filter_parameter_logging.rb": [
        null,
        null,
        null,
        1
      ],
      "/Users/amalaev/work/projects/rails/thinknetica/thunderflow/config/initializers/inflections.rb": [
        null,
        null,
        null,
        null,
        null,
        null,
        null,
        null,
        null,
        null,
        null,
        null,
        null,
        null,
        null,
        null
      ],
      "/Users/amalaev/work/projects/rails/thinknetica/thunderflow/config/initializers/mime_types.rb": [
        null,
        null,
        null,
        null
      ],
      "/Users/amalaev/work/projects/rails/thinknetica/thunderflow/config/initializers/session_store.rb": [
        null,
        null,
        1
      ],
      "/Users/amalaev/work/projects/rails/thinknetica/thunderflow/config/initializers/simple_form.rb": [
        null,
        1,
        null,
        null,
        null,
        null,
        null,
        1,
        null,
        null,
        null,
        null,
        null,
        null,
        null,
        null,
        null,
        1,
        null,
        null,
        null,
        1,
        null,
        null,
        null,
        null,
        null,
        null,
        null,
        null,
        1,
        null,
        null,
        1,
        null,
        null,
        1,
        null,
        null,
        1,
        null,
        null,
        1,
        1,
        1,
        null,
        null,
        null,
        1,
        null,
        null,
        null,
        null,
        null,
        1,
        null,
        null,
        1,
        null,
        null,
        null,
        null,
        null,
        null,
        null,
        1,
        null,
        null,
        1,
        null,
        null,
        null,
        null,
        null,
        null,
        null,
        null,
        null,
        null,
        null,
        null,
        null,
        null,
        null,
        null,
        null,
        null,
        null,
        null,
        null,
        null,
        null,
        null,
        null,
        null,
        null,
        null,
        1,
        null,
        null,
        null,
        null,
        null,
        null,
        null,
        null,
        null,
        null,
        null,
        null,
        null,
        null,
        null,
        1,
        null,
        null,
        null,
        null,
        null,
        null,
        null,
        null,
        null,
        null,
        null,
        null,
        null,
        null,
        null,
        null,
        null,
        null,
        null,
        null,
        null,
        null,
        null,
        null,
        null,
        null,
        null,
        null,
        null,
        null,
        null
      ],
      "/Users/amalaev/work/projects/rails/thinknetica/thunderflow/config/initializers/simple_form_foundation.rb": [
        null,
        1,
        1,
        1,
        1,
        1,
        1,
        1,
        1,
        1,
        1,
        null,
        null,
        null,
        null,
        null,
        null,
        null,
        1,
        null,
        null,
        1,
        null,
        null,
        1,
        null
      ],
      "/Users/amalaev/work/projects/rails/thinknetica/thunderflow/config/initializers/wrap_parameters.rb": [
        null,
        null,
        null,
        null,
        null,
        null,
        1,
        1,
        null,
        null,
        null,
        null,
        null,
        null
      ],
      "/Users/amalaev/work/projects/rails/thinknetica/thunderflow/config/routes.rb": [
        1,
        1,
        1,
        1,
        1,
        1,
        null,
        null,
        null,
        null,
        null,
        null,
        null,
        null,
        null,
        null,
        null,
        null,
        null,
        null,
        null,
        null,
        null,
        null,
        null,
        null,
        null,
        null,
        null,
        null,
        null,
        null,
        null,
        null,
        null,
        null,
        null,
        null,
        null,
        null,
        null,
        null,
        null,
        null,
        null,
        null,
        null,
        null,
        null,
        null,
        null,
        null,
        null,
        null,
        null,
        null,
        null,
        null,
        null,
        null,
        null,
        null,
        null
      ],
      "/Users/amalaev/work/projects/rails/thinknetica/thunderflow/app/models/user.rb": [
        1,
        null,
        null,
        1,
        1,
        1,
        null,
        null
      ],
      "/Users/amalaev/work/projects/rails/thinknetica/thunderflow/app/helpers/answers_helper.rb": [
        1,
        null
      ],
      "/Users/amalaev/work/projects/rails/thinknetica/thunderflow/app/helpers/application_helper.rb": [
        1,
        null
      ],
      "/Users/amalaev/work/projects/rails/thinknetica/thunderflow/app/helpers/questions_helper.rb": [
        1,
        null
      ],
      "/Users/amalaev/work/projects/rails/thinknetica/thunderflow/app/controllers/answers_controller.rb": [
        1,
        1,
        null,
        1,
        6,
        6,
        6,
        6,
        6,
        3,
        null,
        3,
        null,
        null,
        null,
        1,
        5,
        5,
        5,
        null,
        null,
        1,
        8,
        8,
        2,
        null,
        6,
        6,
        4,
        4,
        4,
        4,
        4,
        null,
        null,
        2,
        null,
        null,
        null,
        null,
        1,
        3,
        3,
        3,
        3,
        3,
        null,
        null,
        1,
        1,
        11,
        null,
        null
      ],
      "/Users/amalaev/work/projects/rails/thinknetica/thunderflow/app/controllers/application_controller.rb": [
        1,
        null,
        null,
        1,
        null,
        1,
        null,
        1,
        1,
        162,
        null,
        null,
        1,
        0,
        0,
        null,
        null
      ],
      "/Users/amalaev/work/projects/rails/thinknetica/thunderflow/app/controllers/questions_controller.rb": [
        1,
        1,
        1,
        null,
        1,
        36,
        null,
        null,
        1,
        23,
        23,
        null,
        null,
        1,
        5,
        null,
        null,
        1,
        5,
        2,
        2,
        null,
        3,
        null,
        null,
        null,
        1,
        7,
        7,
        3,
        3,
        null,
        4,
        null,
        null,
        null,
        1,
        6,
        4,
        4,
        null,
        2,
        null,
        null,
        null,
        1,
        3,
        3,
        3,
        3,
        null,
        null,
        1,
        null,
        1,
        13,
        null,
        null,
        1,
        37,
        null,
        null
      ],
      "/Users/amalaev/work/projects/rails/thinknetica/thunderflow/app/models/answer.rb": [
        1,
        1,
        1,
        1,
        25,
        null,
        1,
        0,
        null,
        null
      ],
      "/Users/amalaev/work/projects/rails/thinknetica/thunderflow/app/models/question.rb": [
        1,
        1,
        1,
        1,
        1,
        1,
        null
      ]
    },
    "timestamp": 1412887985
  }
}
